[1620595559.204][INFO]: Starting OperaDriver 88.0.4324.104 (17905c015d3376dee9cce5dd079a3f4fa906e060-refs/branch-heads/4324_96@{#3}) on port 55989
[1620595559.204][INFO]: Please see https://chromedriver.chromium.org/security-considerations for suggestions on keeping OperaDriver safe.
[1620595560.181][INFO]: [ae8383f5fe90066be8e8b78d0ad65014] COMMAND InitSession {
   "capabilities": {
      "alwaysMatch": {
         "browserName": "opera",
         "platformName": "any"
      },
      "firstMatch": [ {

      } ]
   },
   "desiredCapabilities": {
      "browserName": "opera",
      "operaOptions": {
         "args": [  ],
         "extensions": [  ]
      },
      "platform": "ANY",
      "version": ""
   }
}
[1620595560.183][INFO]: Populating Preferences file: {
   "alternate_error_pages": {
      "enabled": false
   },
   "autofill": {
      "enabled": false
   },
   "browser": {
      "check_default_browser": false
   },
   "distribution": {
      "import_bookmarks": false,
      "import_history": false,
      "import_search_engine": false,
      "make_chrome_default_for_user": false,
      "skip_first_run_ui": true
   },
   "dns_prefetching": {
      "enabled": false
   },
   "profile": {
      "content_settings": {
         "pattern_pairs": {
            "https://*,*": {
               "media-stream": {
                  "audio": "Default",
                  "video": "Default"
               }
            }
         }
      },
      "default_content_setting_values": {
         "geolocation": 1
      },
      "default_content_settings": {
         "geolocation": 1,
         "mouselock": 1,
         "notifications": 1,
         "popups": 1,
         "ppapi-broker": 1
      },
      "password_manager_enabled": false
   },
   "safebrowsing": {
      "enabled": false
   },
   "search": {
      "suggest_enabled": false
   },
   "translate": {
      "enabled": false
   }
}
[1620595560.183][INFO]: Populating Local State file: {
   "background_mode": {
      "enabled": false
   },
   "ssl": {
      "rev_checking": {
         "enabled": false
      }
   }
}
[1620595560.183][INFO]: Launching opera: /snap/bin/opera --allow-elevated-browser --disable-background-networking --disable-client-side-phishing-detection --disable-default-apps --disable-hang-monitor --disable-popup-blocking --disable-presto-profile-migration --disable-prompt-on-repost --disable-sync --disable-update --disable-usage-statistics-question --enable-automation --enable-blink-features=ShadowDOMV0 --enable-logging --log-level=0 --no-default-browser-check --no-first-run --no-service-autorun --password-store=basic --ran-launcher --remote-debugging-port=0 --test-type=webdriver --use-mock-keychain --user-data-dir=/tmp/.org.chromium.Chromium.cRVphM data:,
[1620595620.190][INFO]: Failed to connect to Opera. Attempting to kill it.
[1620595620.846][INFO]: [ae8383f5fe90066be8e8b78d0ad65014] RESPONSE InitSession ERROR unknown error: DevToolsActivePort file doesn't exist
